<?xml version="1.0" encoding="UTF-8"?>
<!-- Generated by org.testng.reporters.JUnitReportReporter -->
<testsuite hostname="MacBook-Pro-de-Jose.local" name="demoMaven1.PruebaAutomatization" tests="1" failures="0" timestamp="21 Jan 2020 19:34:23 GMT" time="6.020" errors="0">
  <testcase name="VerificarGoogle1" time="6.020" classname="demoMaven1.PruebaAutomatization"/>
</testsuite> <!-- demoMaven1.PruebaAutomatization -->
